Detecting C compiler ABI info failed to compile with the following output:
Change Dir: C:/Users/Asus/STR-FIN/build/CMakeFiles/CMakeTmp

Run Build Command(s):C:/Users/Asus/.espressif/tools/ninja/1.10.2/ninja.exe cmTC_9e1f7 && ninja: error: unknown target 'cmTC_9e1f7'




Detecting CXX compiler ABI info failed to compile with the following output:
Change Dir: C:/Users/Asus/STR-FIN/build/CMakeFiles/CMakeTmp

Run Build Command(s):C:/Users/Asus/.espressif/tools/ninja/1.10.2/ninja.exe cmTC_19402 && ninja: error: unknown target 'cmTC_19402'




Detecting C compiler ABI info failed to compile with the following output:
Change Dir: C:/Users/Asus/STR-FIN/build/CMakeFiles/CMakeTmp

Run Build Command(s):C:/Users/Asus/.espressif/tools/ninja/1.10.2/ninja.exe cmTC_0a36e && ninja: error: loading 'build.ninja': El sistema no puede encontrar el archivo especificado.





Determining size of time_t failed with the following output:
Change Dir: C:/Users/Asus/STR-FIN/build/CMakeFiles/CMakeTmp

Run Build Command(s):C:/Users/Asus/.espressif/tools/ninja/1.10.2/ninja.exe cmTC_53b32 && [1/2] Building C object CMakeFiles/cmTC_53b32.dir/TIME_T_SIZE.c.obj
FAILED: CMakeFiles/cmTC_53b32.dir/TIME_T_SIZE.c.obj 
C:\Users\Asus\.espressif\tools\xtensa-esp32-elf\esp-12.2.0_20230208\xtensa-esp32-elf\bin\xtensa-esp32-elf-gcc.exe   -mlongcalls -Wno-frame-address -o CMakeFiles/cmTC_53b32.dir/TIME_T_SIZE.c.obj -c C:/Users/Asus/STR-FIN/build/CMakeFiles/CheckTypeSize/TIME_T_SIZE.c
Assembler messages:
Fatal error: can't create CMakeFiles/cmTC_53b32.dir/TIME_T_SIZE.c.obj: No such file or directory
ninja: build stopped: subcommand failed.


C:/Users/Asus/STR-FIN/build/CMakeFiles/CheckTypeSize/TIME_T_SIZE.c:
#include <sys/types.h>
#include <stdint.h>
#include <stddef.h>


#undef KEY
#if defined(__i386)
# define KEY '_','_','i','3','8','6'
#elif defined(__x86_64)
# define KEY '_','_','x','8','6','_','6','4'
#elif defined(__PPC64__)
# define KEY '_','_','P','P','C','6','4','_','_'
#elif defined(__ppc64__)
# define KEY '_','_','p','p','c','6','4','_','_'
#elif defined(__PPC__)
# define KEY '_','_','P','P','C','_','_'
#elif defined(__ppc__)
# define KEY '_','_','p','p','c','_','_'
#elif defined(__aarch64__)
# define KEY '_','_','a','a','r','c','h','6','4','_','_'
#elif defined(__ARM_ARCH_7A__)
# define KEY '_','_','A','R','M','_','A','R','C','H','_','7','A','_','_'
#elif defined(__ARM_ARCH_7S__)
# define KEY '_','_','A','R','M','_','A','R','C','H','_','7','S','_','_'
#endif

#define SIZE (sizeof(time_t))
static char info_size[] =  {'I', 'N', 'F', 'O', ':', 's','i','z','e','[',
  ('0' + ((SIZE / 10000)%10)),
  ('0' + ((SIZE / 1000)%10)),
  ('0' + ((SIZE / 100)%10)),
  ('0' + ((SIZE / 10)%10)),
  ('0' +  (SIZE    % 10)),
  ']',
#ifdef KEY
  ' ','k','e','y','[', KEY, ']',
#endif
  '\0'};

#ifdef __CLASSIC_C__
int main(argc, argv) int argc; char *argv[];
#else
int main(int argc, char *argv[])
#endif
{
  int require = 0;
  require += info_size[argc];
  (void)argv;
  return require;
}


